# JRE version: OpenJDK Runtime Environment (8.0_141-b15) (build 1.8.0_141-8u141-b15-3-b15)
# Java VM: OpenJDK 64-Bit Server VM (25.141-b15 mixed mode linux-amd64 compressed oops)
Heap:
 PSYoungGen      total 31232K, used 7847K [0x00000000d7100000, 0x00000000d9700000, 0x0000000100000000)
  eden space 23552K, 24% used [0x00000000d7100000,0x00000000d769cec8,0x00000000d8800000)
  from space 7680K, 27% used [0x00000000d8800000,0x00000000d8a0cfe0,0x00000000d8f80000)
  to   space 7680K, 0% used [0x00000000d8f80000,0x00000000d8f80000,0x00000000d9700000)
 ParOldGen       total 84992K, used 13437K [0x0000000085200000, 0x000000008a500000, 0x00000000d7100000)
  object space 84992K, 15% used [0x0000000085200000,0x0000000085f1f418,0x000000008a500000)
 Metaspace       used 12516K, capacity 12804K, committed 12928K, reserved 1060864K
  class space    used 1260K, capacity 1344K, committed 1408K, reserved 1048576K
GC Heap History (10 events):
Event: 361,360 GC heap before
{Heap before GC invocations=19 (full 0):
 PSYoungGen      total 32768K, used 27325K [0x00000000d7100000, 0x00000000d9a00000, 0x0000000100000000)
  eden space 24576K, 100% used [0x00000000d7100000,0x00000000d8900000,0x00000000d8900000)
  from space 8192K, 33% used [0x00000000d9200000,0x00000000d94af7e0,0x00000000d9a00000)
  to   space 8704K, 0% used [0x00000000d8900000,0x00000000d8900000,0x00000000d9180000)
 ParOldGen       total 84992K, used 12955K [0x0000000085200000, 0x000000008a500000, 0x00000000d7100000)
  object space 84992K, 15% used [0x0000000085200000,0x0000000085ea6d38,0x000000008a500000)
 Metaspace       used 12504K, capacity 12734K, committed 12928K, reserved 1060864K
  class space    used 1259K, capacity 1343K, committed 1408K, reserved 1048576K
Event: 361,365 GC heap after
Heap after GC invocations=19 (full 0):
 PSYoungGen      total 26624K, used 2103K [0x00000000d7100000, 0x00000000d9980000, 0x0000000100000000)
  eden space 24064K, 0% used [0x00000000d7100000,0x00000000d7100000,0x00000000d8880000)
  from space 2560K, 82% used [0x00000000d8900000,0x00000000d8b0df60,0x00000000d8b80000)
  to   space 8704K, 0% used [0x00000000d9100000,0x00000000d9100000,0x00000000d9980000)
 ParOldGen       total 84992K, used 13092K [0x0000000085200000, 0x000000008a500000, 0x00000000d7100000)
  object space 84992K, 15% used [0x0000000085200000,0x0000000085ec91f8,0x000000008a500000)
 Metaspace       used 12504K, capacity 12734K, committed 12928K, reserved 1060864K
  class space    used 1259K, capacity 1343K, committed 1408K, reserved 1048576K
}
Event: 378,879 GC heap before
{Heap before GC invocations=20 (full 0):
 PSYoungGen      total 26624K, used 26167K [0x00000000d7100000, 0x00000000d9980000, 0x0000000100000000)
  eden space 24064K, 100% used [0x00000000d7100000,0x00000000d8880000,0x00000000d8880000)
  from space 2560K, 82% used [0x00000000d8900000,0x00000000d8b0df60,0x00000000d8b80000)
  to   space 8704K, 0% used [0x00000000d9100000,0x00000000d9100000,0x00000000d9980000)
 ParOldGen       total 84992K, used 13092K [0x0000000085200000, 0x000000008a500000, 0x00000000d7100000)
  object space 84992K, 15% used [0x0000000085200000,0x0000000085ec91f8,0x000000008a500000)
 Metaspace       used 12505K, capacity 12734K, committed 12928K, reserved 1060864K
  class space    used 1259K, capacity 1343K, committed 1408K, reserved 1048576K
Event: 378,884 GC heap after
Heap after GC invocations=20 (full 0):
 PSYoungGen      total 30720K, used 2765K [0x00000000d7100000, 0x00000000d9800000, 0x0000000100000000)
  eden space 23552K, 0% used [0x00000000d7100000,0x00000000d7100000,0x00000000d8800000)
  from space 7168K, 38% used [0x00000000d9100000,0x00000000d93b3590,0x00000000d9800000)
  to   space 8192K, 0% used [0x00000000d8800000,0x00000000d8800000,0x00000000d9000000)
 ParOldGen       total 84992K, used 13153K [0x0000000085200000, 0x000000008a500000, 0x00000000d7100000)
  object space 84992K, 15% used [0x0000000085200000,0x0000000085ed8668,0x000000008a500000)
 Metaspace       used 12505K, capacity 12734K, committed 12928K, reserved 1060864K
  class space    used 1259K, capacity 1343K, committed 1408K, reserved 1048576K
}
Event: 391,372 GC heap before
{Heap before GC invocations=21 (full 0):
 PSYoungGen      total 30720K, used 26317K [0x00000000d7100000, 0x00000000d9800000, 0x0000000100000000)
  eden space 23552K, 100% used [0x00000000d7100000,0x00000000d8800000,0x00000000d8800000)
  from space 7168K, 38% used [0x00000000d9100000,0x00000000d93b3590,0x00000000d9800000)
  to   space 8192K, 0% used [0x00000000d8800000,0x00000000d8800000,0x00000000d9000000)
 ParOldGen       total 84992K, used 13153K [0x0000000085200000, 0x000000008a500000, 0x00000000d7100000)
  object space 84992K, 15% used [0x0000000085200000,0x0000000085ed8668,0x000000008a500000)
 Metaspace       used 12505K, capacity 12734K, committed 12928K, reserved 1060864K
  class space    used 1259K, capacity 1343K, committed 1408K, reserved 1048576K
Event: 391,376 GC heap after
Heap after GC invocations=21 (full 0):
 PSYoungGen      total 31744K, used 2085K [0x00000000d7100000, 0x00000000d9800000, 0x0000000100000000)
  eden space 23552K, 0% used [0x00000000d7100000,0x00000000d7100000,0x00000000d8800000)
  from space 8192K, 25% used [0x00000000d8800000,0x00000000d8a09690,0x00000000d9000000)
  to   space 8192K, 0% used [0x00000000d9000000,0x00000000d9000000,0x00000000d9800000)
 ParOldGen       total 84992K, used 13258K [0x0000000085200000, 0x000000008a500000, 0x00000000d7100000)
  object space 84992K, 15% used [0x0000000085200000,0x0000000085ef2af8,0x000000008a500000)
 Metaspace       used 12505K, capacity 12734K, committed 12928K, reserved 1060864K
  class space    used 1259K, capacity 1343K, committed 1408K, reserved 1048576K
}
Event: 402,105 GC heap before
{Heap before GC invocations=22 (full 0):
 PSYoungGen      total 31744K, used 25637K [0x00000000d7100000, 0x00000000d9800000, 0x0000000100000000)
  eden space 23552K, 100% used [0x00000000d7100000,0x00000000d8800000,0x00000000d8800000)
  from space 8192K, 25% used [0x00000000d8800000,0x00000000d8a09690,0x00000000d9000000)
  to   space 8192K, 0% used [0x00000000d9000000,0x00000000d9000000,0x00000000d9800000)
 ParOldGen       total 84992K, used 13258K [0x0000000085200000, 0x000000008a500000, 0x00000000d7100000)
  object space 84992K, 15% used [0x0000000085200000,0x0000000085ef2af8,0x000000008a500000)
 Metaspace       used 12509K, capacity 12734K, committed 12928K, reserved 1060864K
  class space    used 1259K, capacity 1343K, committed 1408K, reserved 1048576K
Event: 402,107 GC heap after
Heap after GC invocations=22 (full 0):
 PSYoungGen      total 30720K, used 2085K [0x00000000d7100000, 0x00000000d9700000, 0x0000000100000000)
  eden space 23552K, 0% used [0x00000000d7100000,0x00000000d7100000,0x00000000d8800000)
  from space 7168K, 29% used [0x00000000d9000000,0x00000000d9209690,0x00000000d9700000)
  to   space 7680K, 0% used [0x00000000d8800000,0x00000000d8800000,0x00000000d8f80000)
 ParOldGen       total 84992K, used 13347K [0x0000000085200000, 0x000000008a500000, 0x00000000d7100000)
  object space 84992K, 15% used [0x0000000085200000,0x0000000085f08f88,0x000000008a500000)
 Metaspace       used 12509K, capacity 12734K, committed 12928K, reserved 1060864K
  class space    used 1259K, capacity 1343K, committed 1408K, reserved 1048576K
}
Event: 415,315 GC heap before
{Heap before GC invocations=23 (full 0):
 PSYoungGen      total 30720K, used 25637K [0x00000000d7100000, 0x00000000d9700000, 0x0000000100000000)
  eden space 23552K, 100% used [0x00000000d7100000,0x00000000d8800000,0x00000000d8800000)
  from space 7168K, 29% used [0x00000000d9000000,0x00000000d9209690,0x00000000d9700000)
  to   space 7680K, 0% used [0x00000000d8800000,0x00000000d8800000,0x00000000d8f80000)
 ParOldGen       total 84992K, used 13347K [0x0000000085200000, 0x000000008a500000, 0x00000000d7100000)
  object space 84992K, 15% used [0x0000000085200000,0x0000000085f08f88,0x000000008a500000)
 Metaspace       used 12516K, capacity 12804K, committed 12928K, reserved 1060864K
  class space    used 1260K, capacity 1344K, committed 1408K, reserved 1048576K
Event: 415,319 GC heap after
Heap after GC invocations=23 (full 0):
 PSYoungGen      total 31232K, used 2099K [0x00000000d7100000, 0x00000000d9700000, 0x0000000100000000)
  eden space 23552K, 0% used [0x00000000d7100000,0x00000000d7100000,0x00000000d8800000)
  from space 7680K, 27% used [0x00000000d8800000,0x00000000d8a0cfe0,0x00000000d8f80000)
  to   space 7680K, 0% used [0x00000000d8f80000,0x00000000d8f80000,0x00000000d9700000)
 ParOldGen       total 84992K, used 13437K [0x0000000085200000, 0x000000008a500000, 0x00000000d7100000)
  object space 84992K, 15% used [0x0000000085200000,0x0000000085f1f418,0x000000008a500000)
 Metaspace       used 12516K, capacity 12804K, committed 12928K, reserved 1060864K
  class space    used 1260K, capacity 1344K, committed 1408K, reserved 1048576K
}

