# JRE version: OpenJDK Runtime Environment (8.0_141-b15) (build 1.8.0_141-8u141-b15-3-b15)
# Java VM: OpenJDK 64-Bit Server VM (25.141-b15 mixed mode linux-amd64 compressed oops)
Heap:
 PSYoungGen      total 26624K, used 15811K [0x00000000d7100000, 0x00000000d8e00000, 0x0000000100000000)
  eden space 23552K, 58% used [0x00000000d7100000,0x00000000d7e63c38,0x00000000d8800000)
  from space 3072K, 68% used [0x00000000d8b00000,0x00000000d8d0d220,0x00000000d8e00000)
  to   space 3072K, 0% used [0x00000000d8800000,0x00000000d8800000,0x00000000d8b00000)
 ParOldGen       total 84992K, used 17536K [0x0000000085200000, 0x000000008a500000, 0x00000000d7100000)
  object space 84992K, 20% used [0x0000000085200000,0x00000000863200d0,0x000000008a500000)
 Metaspace       used 12670K, capacity 12904K, committed 13184K, reserved 1060864K
  class space    used 1275K, capacity 1350K, committed 1408K, reserved 1048576K
GC Heap History (10 events):
Event: 1002,346 GC heap before
{Heap before GC invocations=64 (full 0):
 PSYoungGen      total 26624K, used 25606K [0x00000000d7100000, 0x00000000d8e00000, 0x0000000100000000)
  eden space 23552K, 100% used [0x00000000d7100000,0x00000000d8800000,0x00000000d8800000)
  from space 3072K, 66% used [0x00000000d8800000,0x00000000d8a018d0,0x00000000d8b00000)
  to   space 3072K, 0% used [0x00000000d8b00000,0x00000000d8b00000,0x00000000d8e00000)
 ParOldGen       total 84992K, used 17050K [0x0000000085200000, 0x000000008a500000, 0x00000000d7100000)
  object space 84992K, 20% used [0x0000000085200000,0x00000000862a69e0,0x000000008a500000)
 Metaspace       used 12669K, capacity 12904K, committed 13184K, reserved 1060864K
  class space    used 1275K, capacity 1350K, committed 1408K, reserved 1048576K
Event: 1002,350 GC heap after
Heap after GC invocations=64 (full 0):
 PSYoungGen      total 26624K, used 2053K [0x00000000d7100000, 0x00000000d8e00000, 0x0000000100000000)
  eden space 23552K, 0% used [0x00000000d7100000,0x00000000d7100000,0x00000000d8800000)
  from space 3072K, 66% used [0x00000000d8b00000,0x00000000d8d01450,0x00000000d8e00000)
  to   space 3072K, 0% used [0x00000000d8800000,0x00000000d8800000,0x00000000d8b00000)
 ParOldGen       total 84992K, used 17122K [0x0000000085200000, 0x000000008a500000, 0x00000000d7100000)
  object space 84992K, 20% used [0x0000000085200000,0x00000000862b8a10,0x000000008a500000)
 Metaspace       used 12669K, capacity 12904K, committed 13184K, reserved 1060864K
  class space    used 1275K, capacity 1350K, committed 1408K, reserved 1048576K
}
Event: 1013,728 GC heap before
{Heap before GC invocations=65 (full 0):
 PSYoungGen      total 26624K, used 25605K [0x00000000d7100000, 0x00000000d8e00000, 0x0000000100000000)
  eden space 23552K, 100% used [0x00000000d7100000,0x00000000d8800000,0x00000000d8800000)
  from space 3072K, 66% used [0x00000000d8b00000,0x00000000d8d01450,0x00000000d8e00000)
  to   space 3072K, 0% used [0x00000000d8800000,0x00000000d8800000,0x00000000d8b00000)
 ParOldGen       total 84992K, used 17122K [0x0000000085200000, 0x000000008a500000, 0x00000000d7100000)
  object space 84992K, 20% used [0x0000000085200000,0x00000000862b8a10,0x000000008a500000)
 Metaspace       used 12669K, capacity 12904K, committed 13184K, reserved 1060864K
  class space    used 1275K, capacity 1350K, committed 1408K, reserved 1048576K
Event: 1013,733 GC heap after
Heap after GC invocations=65 (full 0):
 PSYoungGen      total 26624K, used 2118K [0x00000000d7100000, 0x00000000d8e00000, 0x0000000100000000)
  eden space 23552K, 0% used [0x00000000d7100000,0x00000000d7100000,0x00000000d8800000)
  from space 3072K, 68% used [0x00000000d8800000,0x00000000d8a118b0,0x00000000d8b00000)
  to   space 3072K, 0% used [0x00000000d8b00000,0x00000000d8b00000,0x00000000d8e00000)
 ParOldGen       total 84992K, used 17207K [0x0000000085200000, 0x000000008a500000, 0x00000000d7100000)
  object space 84992K, 20% used [0x0000000085200000,0x00000000862cdeb0,0x000000008a500000)
 Metaspace       used 12669K, capacity 12904K, committed 13184K, reserved 1060864K
  class space    used 1275K, capacity 1350K, committed 1408K, reserved 1048576K
}
Event: 1027,749 GC heap before
{Heap before GC invocations=66 (full 0):
 PSYoungGen      total 26624K, used 25670K [0x00000000d7100000, 0x00000000d8e00000, 0x0000000100000000)
  eden space 23552K, 100% used [0x00000000d7100000,0x00000000d8800000,0x00000000d8800000)
  from space 3072K, 68% used [0x00000000d8800000,0x00000000d8a118b0,0x00000000d8b00000)
  to   space 3072K, 0% used [0x00000000d8b00000,0x00000000d8b00000,0x00000000d8e00000)
 ParOldGen       total 84992K, used 17207K [0x0000000085200000, 0x000000008a500000, 0x00000000d7100000)
  object space 84992K, 20% used [0x0000000085200000,0x00000000862cdeb0,0x000000008a500000)
 Metaspace       used 12670K, capacity 12904K, committed 13184K, reserved 1060864K
  class space    used 1275K, capacity 1350K, committed 1408K, reserved 1048576K
Event: 1027,752 GC heap after
Heap after GC invocations=66 (full 0):
 PSYoungGen      total 26624K, used 2131K [0x00000000d7100000, 0x00000000d8e00000, 0x0000000100000000)
  eden space 23552K, 0% used [0x00000000d7100000,0x00000000d7100000,0x00000000d8800000)
  from space 3072K, 69% used [0x00000000d8b00000,0x00000000d8d14fe0,0x00000000d8e00000)
  to   space 3072K, 0% used [0x00000000d8800000,0x00000000d8800000,0x00000000d8b00000)
 ParOldGen       total 84992K, used 17329K [0x0000000085200000, 0x000000008a500000, 0x00000000d7100000)
  object space 84992K, 20% used [0x0000000085200000,0x00000000862ec7a0,0x000000008a500000)
 Metaspace       used 12670K, capacity 12904K, committed 13184K, reserved 1060864K
  class space    used 1275K, capacity 1350K, committed 1408K, reserved 1048576K
}
Event: 1043,119 GC heap before
{Heap before GC invocations=67 (full 0):
 PSYoungGen      total 26624K, used 25683K [0x00000000d7100000, 0x00000000d8e00000, 0x0000000100000000)
  eden space 23552K, 100% used [0x00000000d7100000,0x00000000d8800000,0x00000000d8800000)
  from space 3072K, 69% used [0x00000000d8b00000,0x00000000d8d14fe0,0x00000000d8e00000)
  to   space 3072K, 0% used [0x00000000d8800000,0x00000000d8800000,0x00000000d8b00000)
 ParOldGen       total 84992K, used 17329K [0x0000000085200000, 0x000000008a500000, 0x00000000d7100000)
  object space 84992K, 20% used [0x0000000085200000,0x00000000862ec7a0,0x000000008a500000)
 Metaspace       used 12670K, capacity 12904K, committed 13184K, reserved 1060864K
  class space    used 1275K, capacity 1350K, committed 1408K, reserved 1048576K
Event: 1043,123 GC heap after
Heap after GC invocations=67 (full 0):
 PSYoungGen      total 26624K, used 2148K [0x00000000d7100000, 0x00000000d8e00000, 0x0000000100000000)
  eden space 23552K, 0% used [0x00000000d7100000,0x00000000d7100000,0x00000000d8800000)
  from space 3072K, 69% used [0x00000000d8800000,0x00000000d8a19210,0x00000000d8b00000)
  to   space 3072K, 0% used [0x00000000d8b00000,0x00000000d8b00000,0x00000000d8e00000)
 ParOldGen       total 84992K, used 17435K [0x0000000085200000, 0x000000008a500000, 0x00000000d7100000)
  object space 84992K, 20% used [0x0000000085200000,0x0000000086306c30,0x000000008a500000)
 Metaspace       used 12670K, capacity 12904K, committed 13184K, reserved 1060864K
  class space    used 1275K, capacity 1350K, committed 1408K, reserved 1048576K
}
Event: 1055,934 GC heap before
{Heap before GC invocations=68 (full 0):
 PSYoungGen      total 26624K, used 25700K [0x00000000d7100000, 0x00000000d8e00000, 0x0000000100000000)
  eden space 23552K, 100% used [0x00000000d7100000,0x00000000d8800000,0x00000000d8800000)
  from space 3072K, 69% used [0x00000000d8800000,0x00000000d8a19210,0x00000000d8b00000)
  to   space 3072K, 0% used [0x00000000d8b00000,0x00000000d8b00000,0x00000000d8e00000)
 ParOldGen       total 84992K, used 17435K [0x0000000085200000, 0x000000008a500000, 0x00000000d7100000)
  object space 84992K, 20% used [0x0000000085200000,0x0000000086306c30,0x000000008a500000)
 Metaspace       used 12670K, capacity 12904K, committed 13184K, reserved 1060864K
  class space    used 1275K, capacity 1350K, committed 1408K, reserved 1048576K
Event: 1055,937 GC heap after
Heap after GC invocations=68 (full 0):
 PSYoungGen      total 26624K, used 2100K [0x00000000d7100000, 0x00000000d8e00000, 0x0000000100000000)
  eden space 23552K, 0% used [0x00000000d7100000,0x00000000d7100000,0x00000000d8800000)
  from space 3072K, 68% used [0x00000000d8b00000,0x00000000d8d0d220,0x00000000d8e00000)
  to   space 3072K, 0% used [0x00000000d8800000,0x00000000d8800000,0x00000000d8b00000)
 ParOldGen       total 84992K, used 17536K [0x0000000085200000, 0x000000008a500000, 0x00000000d7100000)
  object space 84992K, 20% used [0x0000000085200000,0x00000000863200d0,0x000000008a500000)
 Metaspace       used 12670K, capacity 12904K, committed 13184K, reserved 1060864K
  class space    used 1275K, capacity 1350K, committed 1408K, reserved 1048576K
}

