# JRE version: OpenJDK Runtime Environment (8.0_141-b15) (build 1.8.0_141-8u141-b15-3-b15)
# Java VM: OpenJDK 64-Bit Server VM (25.141-b15 mixed mode linux-amd64 compressed oops)
Heap:
 PSYoungGen      total 38912K, used 10353K [0x00000000d7100000, 0x00000000da080000, 0x0000000100000000)
  eden space 30208K, 23% used [0x00000000d7100000,0x00000000d77de8f0,0x00000000d8e80000)
  from space 8704K, 38% used [0x00000000d8f00000,0x00000000d923db50,0x00000000d9780000)
  to   space 9216K, 0% used [0x00000000d9780000,0x00000000d9780000,0x00000000da080000)
 ParOldGen       total 84992K, used 11841K [0x0000000085200000, 0x000000008a500000, 0x00000000d7100000)
  object space 84992K, 13% used [0x0000000085200000,0x0000000085d906c0,0x000000008a500000)
 Metaspace       used 11664K, capacity 11902K, committed 12032K, reserved 1060864K
  class space    used 1189K, capacity 1279K, committed 1280K, reserved 1048576K
GC Heap History (10 events):
Event: 47,115 GC heap before
{Heap before GC invocations=3 (full 0):
 PSYoungGen      total 36864K, used 36861K [0x00000000d7100000, 0x00000000d9a00000, 0x0000000100000000)
  eden space 31744K, 100% used [0x00000000d7100000,0x00000000d9000000,0x00000000d9000000)
  from space 5120K, 99% used [0x00000000d9500000,0x00000000d99ff770,0x00000000d9a00000)
  to   space 5120K, 0% used [0x00000000d9000000,0x00000000d9000000,0x00000000d9500000)
 ParOldGen       total 84992K, used 1833K [0x0000000085200000, 0x000000008a500000, 0x00000000d7100000)
  object space 84992K, 2% used [0x0000000085200000,0x00000000853ca7c8,0x000000008a500000)
 Metaspace       used 11303K, capacity 11582K, committed 11776K, reserved 1060864K
  class space    used 1188K, capacity 1279K, committed 1280K, reserved 1048576K
Event: 47,125 GC heap after
Heap after GC invocations=3 (full 0):
 PSYoungGen      total 36864K, used 5117K [0x00000000d7100000, 0x00000000d9a00000, 0x0000000100000000)
  eden space 31744K, 0% used [0x00000000d7100000,0x00000000d7100000,0x00000000d9000000)
  from space 5120K, 99% used [0x00000000d9000000,0x00000000d94ff528,0x00000000d9500000)
  to   space 5120K, 0% used [0x00000000d9500000,0x00000000d9500000,0x00000000d9a00000)
 ParOldGen       total 84992K, used 4193K [0x0000000085200000, 0x000000008a500000, 0x00000000d7100000)
  object space 84992K, 4% used [0x0000000085200000,0x00000000856184a0,0x000000008a500000)
 Metaspace       used 11303K, capacity 11582K, committed 11776K, reserved 1060864K
  class space    used 1188K, capacity 1279K, committed 1280K, reserved 1048576K
}
Event: 64,334 GC heap before
{Heap before GC invocations=4 (full 0):
 PSYoungGen      total 36864K, used 36857K [0x00000000d7100000, 0x00000000d9a00000, 0x0000000100000000)
  eden space 31744K, 99% used [0x00000000d7100000,0x00000000d8fff208,0x00000000d9000000)
  from space 5120K, 99% used [0x00000000d9000000,0x00000000d94ff528,0x00000000d9500000)
  to   space 5120K, 0% used [0x00000000d9500000,0x00000000d9500000,0x00000000d9a00000)
 ParOldGen       total 84992K, used 4193K [0x0000000085200000, 0x000000008a500000, 0x00000000d7100000)
  object space 84992K, 4% used [0x0000000085200000,0x00000000856184a0,0x000000008a500000)
 Metaspace       used 11435K, capacity 11710K, committed 11776K, reserved 1060864K
  class space    used 1189K, capacity 1279K, committed 1280K, reserved 1048576K
Event: 64,345 GC heap after
Heap after GC invocations=4 (full 0):
 PSYoungGen      total 36864K, used 5097K [0x00000000d7100000, 0x00000000d9a00000, 0x0000000100000000)
  eden space 31744K, 0% used [0x00000000d7100000,0x00000000d7100000,0x00000000d9000000)
  from space 5120K, 99% used [0x00000000d9500000,0x00000000d99fa770,0x00000000d9a00000)
  to   space 5120K, 0% used [0x00000000d9000000,0x00000000d9000000,0x00000000d9500000)
 ParOldGen       total 84992K, used 6136K [0x0000000085200000, 0x000000008a500000, 0x00000000d7100000)
  object space 84992K, 7% used [0x0000000085200000,0x00000000857fe000,0x000000008a500000)
 Metaspace       used 11435K, capacity 11710K, committed 11776K, reserved 1060864K
  class space    used 1189K, capacity 1279K, committed 1280K, reserved 1048576K
}
Event: 90,427 GC heap before
{Heap before GC invocations=5 (full 0):
 PSYoungGen      total 36864K, used 36841K [0x00000000d7100000, 0x00000000d9a00000, 0x0000000100000000)
  eden space 31744K, 100% used [0x00000000d7100000,0x00000000d9000000,0x00000000d9000000)
  from space 5120K, 99% used [0x00000000d9500000,0x00000000d99fa770,0x00000000d9a00000)
  to   space 5120K, 0% used [0x00000000d9000000,0x00000000d9000000,0x00000000d9500000)
 ParOldGen       total 84992K, used 6136K [0x0000000085200000, 0x000000008a500000, 0x00000000d7100000)
  object space 84992K, 7% used [0x0000000085200000,0x00000000857fe000,0x000000008a500000)
 Metaspace       used 11521K, capacity 11838K, committed 12032K, reserved 1060864K
  class space    used 1189K, capacity 1279K, committed 1280K, reserved 1048576K
Event: 90,436 GC heap after
Heap after GC invocations=5 (full 0):
 PSYoungGen      total 36352K, used 5114K [0x00000000d7100000, 0x00000000da080000, 0x0000000100000000)
  eden space 31232K, 0% used [0x00000000d7100000,0x00000000d7100000,0x00000000d8f80000)
  from space 5120K, 99% used [0x00000000d9000000,0x00000000d94fe9a0,0x00000000d9500000)
  to   space 8704K, 0% used [0x00000000d9800000,0x00000000d9800000,0x00000000da080000)
 ParOldGen       total 84992K, used 8054K [0x0000000085200000, 0x000000008a500000, 0x00000000d7100000)
  object space 84992K, 9% used [0x0000000085200000,0x00000000859ddb40,0x000000008a500000)
 Metaspace       used 11521K, capacity 11838K, committed 12032K, reserved 1060864K
  class space    used 1189K, capacity 1279K, committed 1280K, reserved 1048576K
}
Event: 111,851 GC heap before
{Heap before GC invocations=6 (full 0):
 PSYoungGen      total 36352K, used 36346K [0x00000000d7100000, 0x00000000da080000, 0x0000000100000000)
  eden space 31232K, 100% used [0x00000000d7100000,0x00000000d8f80000,0x00000000d8f80000)
  from space 5120K, 99% used [0x00000000d9000000,0x00000000d94fe9a0,0x00000000d9500000)
  to   space 8704K, 0% used [0x00000000d9800000,0x00000000d9800000,0x00000000da080000)
 ParOldGen       total 84992K, used 8054K [0x0000000085200000, 0x000000008a500000, 0x00000000d7100000)
  object space 84992K, 9% used [0x0000000085200000,0x00000000859ddb40,0x000000008a500000)
 Metaspace       used 11642K, capacity 11902K, committed 12032K, reserved 1060864K
  class space    used 1189K, capacity 1279K, committed 1280K, reserved 1048576K
Event: 111,864 GC heap after
Heap after GC invocations=6 (full 0):
 PSYoungGen      total 38912K, used 7497K [0x00000000d7100000, 0x00000000da000000, 0x0000000100000000)
  eden space 30720K, 0% used [0x00000000d7100000,0x00000000d7100000,0x00000000d8f00000)
  from space 8192K, 91% used [0x00000000d9800000,0x00000000d9f52638,0x00000000da000000)
  to   space 8704K, 0% used [0x00000000d8f00000,0x00000000d8f00000,0x00000000d9780000)
 ParOldGen       total 84992K, used 8062K [0x0000000085200000, 0x000000008a500000, 0x00000000d7100000)
  object space 84992K, 9% used [0x0000000085200000,0x00000000859dfb40,0x000000008a500000)
 Metaspace       used 11642K, capacity 11902K, committed 12032K, reserved 1060864K
  class space    used 1189K, capacity 1279K, committed 1280K, reserved 1048576K
}
Event: 130,841 GC heap before
{Heap before GC invocations=7 (full 0):
 PSYoungGen      total 38912K, used 38217K [0x00000000d7100000, 0x00000000da000000, 0x0000000100000000)
  eden space 30720K, 100% used [0x00000000d7100000,0x00000000d8f00000,0x00000000d8f00000)
  from space 8192K, 91% used [0x00000000d9800000,0x00000000d9f52638,0x00000000da000000)
  to   space 8704K, 0% used [0x00000000d8f00000,0x00000000d8f00000,0x00000000d9780000)
 ParOldGen       total 84992K, used 8062K [0x0000000085200000, 0x000000008a500000, 0x00000000d7100000)
  object space 84992K, 9% used [0x0000000085200000,0x00000000859dfb40,0x000000008a500000)
 Metaspace       used 11659K, capacity 11902K, committed 12032K, reserved 1060864K
  class space    used 1189K, capacity 1279K, committed 1280K, reserved 1048576K
Event: 130,850 GC heap after
Heap after GC invocations=7 (full 0):
 PSYoungGen      total 38912K, used 3318K [0x00000000d7100000, 0x00000000da080000, 0x0000000100000000)
  eden space 30208K, 0% used [0x00000000d7100000,0x00000000d7100000,0x00000000d8e80000)
  from space 8704K, 38% used [0x00000000d8f00000,0x00000000d923db50,0x00000000d9780000)
  to   space 9216K, 0% used [0x00000000d9780000,0x00000000d9780000,0x00000000da080000)
 ParOldGen       total 84992K, used 11841K [0x0000000085200000, 0x000000008a500000, 0x00000000d7100000)
  object space 84992K, 13% used [0x0000000085200000,0x0000000085d906c0,0x000000008a500000)
 Metaspace       used 11659K, capacity 11902K, committed 12032K, reserved 1060864K
  class space    used 1189K, capacity 1279K, committed 1280K, reserved 1048576K
}

